[grammar (info)] Line 39: 
Production Rules:
   (precedences (shown between parentheses) were set by %prec;
    are equal to the precedence of the rules' 1st terminal tokens;
    or (if not shown) are equal to the default (max) precedence)
1: ruleset ->  rule
2: ruleset ->  ruleset rule
3: rule (IDENT) ->  IDENT ':' rulebody ';'
4: rulebody ->  line
5: rulebody ('|') ->  rulebody '|' line
6: line ->  literal
7: line ->  line literal
8: literal (IDENT) ->  IDENT
9: literal (CHARACTER) ->  CHARACTER
10: ruleset_$ ->  ruleset


Symbolic Terminal tokens:
       error
       EOF
   257: IDENT
   258: CHARACTER
    58: ':'
    59: ';'
   124: '|'


Grammar States: 

State 0:
10: ruleset_$ ->  . ruleset 
  0:   On ruleset to state 1
  1:   On rule to state 2
  2:   On IDENT to state 3


State 1:
10: ruleset_$ -> ruleset  . 
2: ruleset -> ruleset  . rule 
  0:   On rule to state 4
  1:   On IDENT to state 3


State 2:
1: ruleset -> rule  . 
  Reduce by 1: ruleset -> rule  . 


State 3:
3: rule -> IDENT  . ':' rulebody ';' 
  0:   On ':' to state 5


State 4:
2: ruleset -> ruleset rule  . 
  Reduce by 2: ruleset -> ruleset rule  . 


State 5:
3: rule -> IDENT ':'  . rulebody ';' 
  0:   On rulebody to state 6
  1:   On line to state 7
  2:   On literal to state 8
  3:   On IDENT to state 9
  4:   On CHARACTER to state 10


State 6:
3: rule -> IDENT ':' rulebody  . ';' 
5: rulebody -> rulebody  . '|' line 
  0:   On ';' to state 11
  1:   On '|' to state 12


State 7:
4: rulebody -> line  . 
7: line -> line  . literal 
  0:   On literal to state 13
  1:   On IDENT to state 9
  2:   On CHARACTER to state 10
  Reduce by 4: rulebody -> line  . 


State 8:
6: line -> literal  . 
  Reduce by 6: line -> literal  . 


State 9:
8: literal -> IDENT  . 
  Reduce by 8: literal -> IDENT  . 


State 10:
9: literal -> CHARACTER  . 
  Reduce by 9: literal -> CHARACTER  . 


State 11:
3: rule -> IDENT ':' rulebody ';'  . 
  Reduce by 3: rule -> IDENT ':' rulebody ';'  . 


State 12:
5: rulebody -> rulebody '|'  . line 
  0:   On line to state 14
  1:   On literal to state 8
  2:   On IDENT to state 9
  3:   On CHARACTER to state 10


State 13:
7: line -> line literal  . 
  Reduce by 7: line -> line literal  . 


State 14:
5: rulebody -> rulebody '|' line  . 
7: line -> line  . literal 
  0:   On literal to state 13
  1:   On IDENT to state 9
  2:   On CHARACTER to state 10
  Reduce by 5: rulebody -> rulebody '|' line  . 



