[grammar (info)] Line 60: 
Production Rules:
   (precedences (shown between parentheses) were set by %prec;
    are equal to the precedence of the rules' 1st terminal tokens;
    or (if not shown) are equal to the default (max) precedence)
1: expressions ->  expressions expression
2: expressions ->  <empty>
3: expression ('(') ->  '(' expression ')'
4: expression ->  addition
5: expression ->  subtraction
6: expression ->  multiplication
7: expression ->  division
8: expression ->  squared
9: expression ->  negation
10: expression (NUMBER) ->  NUMBER
11: addition ('+') ->  expression '+' expression
12: subtraction ('-') ->  expression '-' expression
13: multiplication ('*') ->  expression '*' expression
14: division ('/') ->  expression '/' expression
15: squared ('$') ->  '$' expression
16: negation ('-') ->  '-' expression
17: expressions_$ ->  expressions


Symbolic Terminal tokens:
       error
       EOF
   257: NUMBER
    43: '+'
    45: '-'
    42: '*'
    47: '/'
    36: '$'
    40: '('
    41: ')'


Grammar States: 

State 0:
17: expressions_$ ->  . expressions 
  0:   On expressions to state 1
  Reduce by 2: expressions ->  . 


State 1:
17: expressions_$ -> expressions  . 
1: expressions -> expressions  . expression 
  0:   On expression to state 2
  1:   On '(' to state 3
  2:   On addition to state 4
  3:   On subtraction to state 5
  4:   On multiplication to state 6
  5:   On division to state 7
  6:   On squared to state 8
  7:   On negation to state 9
  8:   On NUMBER to state 10
  9:   On '$' to state 11
  10:   On '-' to state 12


State 2:
1: expressions -> expressions expression  . 
11: addition -> expression  . '+' expression 
12: subtraction -> expression  . '-' expression 
13: multiplication -> expression  . '*' expression 
14: division -> expression  . '/' expression 
  0:   On '+' to state 13
  1:   On '-' to state 14
  2:   On '*' to state 15
  3:   On '/' to state 16
  Reduce by 1: expressions -> expressions expression  . 
Solved SR CONFLICT on '-':
	shift to state 14, removed '-' from LA-set of rule 1)


State 3:
3: expression -> '('  . expression ')' 
  0:   On expression to state 17
  1:   On '(' to state 3
  2:   On addition to state 4
  3:   On subtraction to state 5
  4:   On multiplication to state 6
  5:   On division to state 7
  6:   On squared to state 8
  7:   On negation to state 9
  8:   On NUMBER to state 10
  9:   On '$' to state 11
  10:   On '-' to state 12


State 4:
4: expression -> addition  . 
  Reduce by 4: expression -> addition  . 


State 5:
5: expression -> subtraction  . 
  Reduce by 5: expression -> subtraction  . 


State 6:
6: expression -> multiplication  . 
  Reduce by 6: expression -> multiplication  . 


State 7:
7: expression -> division  . 
  Reduce by 7: expression -> division  . 


State 8:
8: expression -> squared  . 
  Reduce by 8: expression -> squared  . 


State 9:
9: expression -> negation  . 
  Reduce by 9: expression -> negation  . 


State 10:
10: expression -> NUMBER  . 
  Reduce by 10: expression -> NUMBER  . 


State 11:
15: squared -> '$'  . expression 
  0:   On expression to state 18
  1:   On '(' to state 3
  2:   On addition to state 4
  3:   On subtraction to state 5
  4:   On multiplication to state 6
  5:   On division to state 7
  6:   On squared to state 8
  7:   On negation to state 9
  8:   On NUMBER to state 10
  9:   On '$' to state 11
  10:   On '-' to state 12


State 12:
16: negation -> '-'  . expression 
  0:   On expression to state 19
  1:   On '(' to state 3
  2:   On addition to state 4
  3:   On subtraction to state 5
  4:   On multiplication to state 6
  5:   On division to state 7
  6:   On squared to state 8
  7:   On negation to state 9
  8:   On NUMBER to state 10
  9:   On '$' to state 11
  10:   On '-' to state 12


State 13:
11: addition -> expression '+'  . expression 
  0:   On expression to state 20
  1:   On '(' to state 3
  2:   On addition to state 4
  3:   On subtraction to state 5
  4:   On multiplication to state 6
  5:   On division to state 7
  6:   On squared to state 8
  7:   On negation to state 9
  8:   On NUMBER to state 10
  9:   On '$' to state 11
  10:   On '-' to state 12


State 14:
12: subtraction -> expression '-'  . expression 
  0:   On expression to state 21
  1:   On '(' to state 3
  2:   On addition to state 4
  3:   On subtraction to state 5
  4:   On multiplication to state 6
  5:   On division to state 7
  6:   On squared to state 8
  7:   On negation to state 9
  8:   On NUMBER to state 10
  9:   On '$' to state 11
  10:   On '-' to state 12


State 15:
13: multiplication -> expression '*'  . expression 
  0:   On expression to state 22
  1:   On '(' to state 3
  2:   On addition to state 4
  3:   On subtraction to state 5
  4:   On multiplication to state 6
  5:   On division to state 7
  6:   On squared to state 8
  7:   On negation to state 9
  8:   On NUMBER to state 10
  9:   On '$' to state 11
  10:   On '-' to state 12


State 16:
14: division -> expression '/'  . expression 
  0:   On expression to state 23
  1:   On '(' to state 3
  2:   On addition to state 4
  3:   On subtraction to state 5
  4:   On multiplication to state 6
  5:   On division to state 7
  6:   On squared to state 8
  7:   On negation to state 9
  8:   On NUMBER to state 10
  9:   On '$' to state 11
  10:   On '-' to state 12


State 17:
3: expression -> '(' expression  . ')' 
11: addition -> expression  . '+' expression 
12: subtraction -> expression  . '-' expression 
13: multiplication -> expression  . '*' expression 
14: division -> expression  . '/' expression 
  0:   On ')' to state 24
  1:   On '+' to state 13
  2:   On '-' to state 14
  3:   On '*' to state 15
  4:   On '/' to state 16


State 18:
15: squared -> '$' expression  . 
11: addition -> expression  . '+' expression 
12: subtraction -> expression  . '-' expression 
13: multiplication -> expression  . '*' expression 
14: division -> expression  . '/' expression 
  0 (removed by precedence):   On '+' to state 13
  1 (removed by precedence):   On '-' to state 14
  2 (removed by precedence):   On '*' to state 15
  3 (removed by precedence):   On '/' to state 16
  Reduce by 15: squared -> '$' expression  . 


State 19:
16: negation -> '-' expression  . 
11: addition -> expression  . '+' expression 
12: subtraction -> expression  . '-' expression 
13: multiplication -> expression  . '*' expression 
14: division -> expression  . '/' expression 
  0 (removed by precedence):   On '+' to state 13
  1 (removed by precedence):   On '-' to state 14
  2:   On '*' to state 15
  3:   On '/' to state 16
  Reduce by 16: negation -> '-' expression  . 


State 20:
11: addition -> expression '+' expression  . 
11: addition -> expression  . '+' expression 
12: subtraction -> expression  . '-' expression 
13: multiplication -> expression  . '*' expression 
14: division -> expression  . '/' expression 
  0 (removed by precedence):   On '+' to state 13
  1 (removed by precedence):   On '-' to state 14
  2:   On '*' to state 15
  3:   On '/' to state 16
  Reduce by 11: addition -> expression '+' expression  . 


State 21:
12: subtraction -> expression '-' expression  . 
11: addition -> expression  . '+' expression 
12: subtraction -> expression  . '-' expression 
13: multiplication -> expression  . '*' expression 
14: division -> expression  . '/' expression 
  0 (removed by precedence):   On '+' to state 13
  1 (removed by precedence):   On '-' to state 14
  2:   On '*' to state 15
  3:   On '/' to state 16
  Reduce by 12: subtraction -> expression '-' expression  . 


State 22:
13: multiplication -> expression '*' expression  . 
11: addition -> expression  . '+' expression 
12: subtraction -> expression  . '-' expression 
13: multiplication -> expression  . '*' expression 
14: division -> expression  . '/' expression 
  0 (removed by precedence):   On '+' to state 13
  1 (removed by precedence):   On '-' to state 14
  2 (removed by precedence):   On '*' to state 15
  3 (removed by precedence):   On '/' to state 16
  Reduce by 13: multiplication -> expression '*' expression  . 


State 23:
14: division -> expression '/' expression  . 
11: addition -> expression  . '+' expression 
12: subtraction -> expression  . '-' expression 
13: multiplication -> expression  . '*' expression 
14: division -> expression  . '/' expression 
  0 (removed by precedence):   On '+' to state 13
  1 (removed by precedence):   On '-' to state 14
  2 (removed by precedence):   On '*' to state 15
  3 (removed by precedence):   On '/' to state 16
  Reduce by 14: division -> expression '/' expression  . 


State 24:
3: expression -> '(' expression ')'  . 
  Reduce by 3: expression -> '(' expression ')'  . 



