[grammar (info)] Line 41: 
Production Rules:
   (precedences (shown between parentheses) were set by %prec;
    are equal to the precedence of the rules' 1st terminal tokens;
    or (if not shown) are equal to the default (max) precedence)
1: repl ->  prompt input
2: prompt ->  <empty>
3: input ('\x0a') ->  '\x0a'
4: input ('m') ->  'm' DOUBLE '\x0a'
5: input ('s') ->  's' DOUBLE '\x0a'
6: input (DOUBLE) ->  DOUBLE '\x0a'
7: input (DOUBLE) ->  DOUBLE INTEGER '\x0a'
8: input ->  input input
9: repl_$ ->  repl


Symbolic Terminal tokens:
       error
       EOF
   257: INTEGER
   258: DOUBLE
    10: '\x0a'
   109: 'm'
   115: 's'


Grammar States: 

State 0:
9: repl_$ ->  . repl 
  0:   On repl to state 1
  1:   On prompt to state 2
  Reduce by 2: prompt ->  . 


State 1:
9: repl_$ -> repl  . 


State 2:
1: repl -> prompt  . input 
  0:   On input to state 3
  1:   On '\x0a' to state 4
  2:   On 'm' to state 5
  3:   On 's' to state 6
  4:   On DOUBLE to state 7


State 3:
1: repl -> prompt input  . 
8: input -> input  . input 
  0:   On input to state 8
  1:   On '\x0a' to state 4
  2:   On 'm' to state 5
  3:   On 's' to state 6
  4:   On DOUBLE to state 7
  Reduce by 1: repl -> prompt input  . 


State 4:
3: input -> '\x0a'  . 
  Reduce by 3: input -> '\x0a'  . 


State 5:
4: input -> 'm'  . DOUBLE '\x0a' 
  0:   On DOUBLE to state 9


State 6:
5: input -> 's'  . DOUBLE '\x0a' 
  0:   On DOUBLE to state 10


State 7:
6: input -> DOUBLE  . '\x0a' 
7: input -> DOUBLE  . INTEGER '\x0a' 
  0:   On '\x0a' to state 11
  1:   On INTEGER to state 12


State 8:
8: input -> input input  . 
8: input -> input  . input 
  0:   On input to state 8
  1:   On '\x0a' to state 4
  2:   On 'm' to state 5
  3:   On 's' to state 6
  4:   On DOUBLE to state 7
  Reduce by 8: input -> input input  . 
Solved SR CONFLICT on '\x0a':
	shift to state 4, removed '\x0a' from LA-set of rule 8)
Solved SR CONFLICT on 'm':
	shift to state 5, removed 'm' from LA-set of rule 8)
Solved SR CONFLICT on 's':
	shift to state 6, removed 's' from LA-set of rule 8)
Solved SR CONFLICT on DOUBLE:
	shift to state 7, removed DOUBLE from LA-set of rule 8)
Solved SR CONFLICT on DOUBLE:
	shift to state 7, removed DOUBLE from LA-set of rule 8)


State 9:
4: input -> 'm' DOUBLE  . '\x0a' 
  0:   On '\x0a' to state 13


State 10:
5: input -> 's' DOUBLE  . '\x0a' 
  0:   On '\x0a' to state 14


State 11:
6: input -> DOUBLE '\x0a'  . 
  Reduce by 6: input -> DOUBLE '\x0a'  . 


State 12:
7: input -> DOUBLE INTEGER  . '\x0a' 
  0:   On '\x0a' to state 15


State 13:
4: input -> 'm' DOUBLE '\x0a'  . 
  Reduce by 4: input -> 'm' DOUBLE '\x0a'  . 


State 14:
5: input -> 's' DOUBLE '\x0a'  . 
  Reduce by 5: input -> 's' DOUBLE '\x0a'  . 


State 15:
7: input -> DOUBLE INTEGER '\x0a'  . 
  Reduce by 7: input -> DOUBLE INTEGER '\x0a'  . 



